#
# A fatal error has been detected by the Java Runtime Environment:
#
#  SIGSEGV (0xb) at pc=0x000000012d3642df, pid=5056, tid=0x000000000000b443
#
# JRE version: Java(TM) SE Runtime Environment (8.0_161-b12) (build 1.8.0_161-b12)
# Java VM: Java HotSpot(TM) 64-Bit Server VM (25.161-b12 mixed mode bsd-amd64 compressed oops)
# Problematic frame:
# C  [libawt_lwawt.dylib+0x1c2df]  OGLSD_SetScratchSurface+0x49
#
# Failed to write core dump. Core dumps have been disabled. To enable core dumping, try "ulimit -c unlimited" before starting Java again
#
# If you would like to submit a bug report, please visit:
#   http://bugreport.java.com/bugreport/crash.jsp
# The crash happened outside the Java Virtual Machine in native code.
# See problematic frame for where to report the bug.
#

---------------  T H R E A D  ---------------

Current thread (0x00007fa6d495f000):  JavaThread "Java2D Queue Flusher" daemon [_thread_in_native, id=46147, stack(0x0000700003ca7000,0x0000700003da7000)]

siginfo: si_signo: 11 (SIGSEGV), si_code: 1 (SEGV_MAPERR), si_addr: 0x0000000000000002

Registers:
RAX=0x00000000ffffffff, RBX=0x0000000000000002, RCX=0x0000000000000047, RDX=0x000000012d385d8c
RSP=0x0000700003da6720, RBP=0x0000700003da6740, RSI=0x00007fa6d45b2700, RDI=0x00007fa6d495f1f8
R8 =0x00000000000001f1, R9 =0xffffffff00000001, R10=0x00000001115038b8, R11=0x00000001114ff640
R12=0x0000000000000000, R13=0x0000700003da68e8, R14=0x00007fa6d495f1f8, R15=0x00007fa6d495f000
RIP=0x000000012d3642df, EFLAGS=0x0000000000010202, ERR=0x0000000000000004
  TRAPNO=0x000000000000000e

Top of Stack: (sp=0x0000700003da6720)
0x0000700003da6720:   00007fa6d45b2700 0000000000000000
0x0000700003da6730:   00007fa6d6119e10 00007fa6d495f000
0x0000700003da6740:   0000700003da67c0 000000012d38586a
0x0000700003da6750:   00007fa6d495f000 000000000001370f
0x0000700003da6760:   00007fa6d45a0c00 0000000200000001
0x0000700003da6770:   0000700003da6968 00007fa6d495f000
0x0000700003da6780:   0000000000000000 00007fa6d6119e20
0x0000700003da6790:   0000000000000001 00007fa6d495f1f8
0x0000700003da67a0:   000000076eb820c0 0000000000000000
0x0000700003da67b0:   0000700003da6968 00007fa6d495f000
0x0000700003da67c0:   0000700003da6810 000000011150392a
0x0000700003da67d0:   000000076eb820c0 00007fa6d45a0748
0x0000700003da67e0:   0000700003da6810 000000010fde8380
0x0000700003da67f0:   0000000000000064 0000000000000000
0x0000700003da6800:   0000000000000064 00007fa6d45a0748
0x0000700003da6810:   0000700003da6940 0000000111545d84
0x0000700003da6820:   00007fa600000005 00007fa6d495f000
0x0000700003da6830:   0000000000000001 00007fa6d45a13a0
0x0000700003da6840:   000000076eb18300 00007fa6d495f000
0x0000700003da6850:   00007fa6d495f000 0000000129ba7a00
0x0000700003da6860:   0000700003da6968 00007fa6d495f000
0x0000700003da6870:   000000076eb820c0 0000000100000020
0x0000700003da6880:   000000076eb18330 00000001114a9626
0x0000700003da6890:   0000700003da6940 00000001114ff6ac
0x0000700003da68a0:   000000012a3428b4 0000700003da68e8
0x0000700003da68b0:   000000012a342948 0000000000000000
0x0000700003da68c0:   000000076eb820c0 000000011124835d
0x0000700003da68d0:   0000700003da6940 000000011124835d
0x0000700003da68e0:   000000011124835d 000000076eb820c0
0x0000700003da68f0:   0000000000000003 000000076eb18330
0x0000700003da6900:   0000700003da68f0 000000012a14ab69
0x0000700003da6910:   0000700003da6968 000000012a14b668 

Instructions: (pc=0x000000012d3642df)
0x000000012d3642bf:   c0 e9 82 00 00 00 48 8b 5e 10 48 85 db 75 0e bf
0x000000012d3642cf:   01 00 00 00 48 8d 15 1e 95 03 00 eb d6 49 89 fe
0x000000012d3642df:   4c 8b 3b 30 c0 e8 a7 bc 02 00 49 8b 3f 49 89 c4
0x000000012d3642ef:   48 8b 35 f2 25 06 00 30 c0 e8 f5 bd 02 00 48 85 

Register to memory mapping:

RAX=0x00000000ffffffff is an unknown value
RBX=0x0000000000000002 is an unknown value
RCX=0x0000000000000047 is an unknown value
RDX=0x000000012d385d8c: Java_sun_java2d_opengl_OGLRenderQueue_flushBuffer+0xb5c in /Library/Java/JavaVirtualMachines/jdk1.8.0_161.jdk/Contents/Home/jre/lib/libawt_lwawt.dylib at 0x000000012d348000
RSP=0x0000700003da6720 is pointing into the stack for thread: 0x00007fa6d495f000
RBP=0x0000700003da6740 is pointing into the stack for thread: 0x00007fa6d495f000
RSI=0x00007fa6d45b2700 is an unknown value
RDI=0x00007fa6d495f1f8 is an unknown value
R8 =0x00000000000001f1 is an unknown value
R9 =0xffffffff00000001 is an unknown value
R10=0x00000001115038b8 is at entry_point+56 in (nmethod*)0x0000000111503710
R11=0x00000001114ff640 is at entry_point+0 in (nmethod*)0x00000001114ff4d0
R12=0x0000000000000000 is an unknown value
R13=0x0000700003da68e8 is pointing into the stack for thread: 0x00007fa6d495f000
R14=0x00007fa6d495f1f8 is an unknown value
R15=0x00007fa6d495f000 is a thread


Stack: [0x0000700003ca7000,0x0000700003da7000],  sp=0x0000700003da6720,  free space=1021k
Native frames: (J=compiled Java code, j=interpreted, Vv=VM code, C=native code)
C  [libawt_lwawt.dylib+0x1c2df]  OGLSD_SetScratchSurface+0x49
C  [libawt_lwawt.dylib+0x3d86a]  Java_sun_java2d_opengl_OGLRenderQueue_flushBuffer+0x63a
J 721  sun.java2d.opengl.OGLRenderQueue.flushBuffer(JI)V (0 bytes) @ 0x000000011150392a [0x0000000111503880+0xaa]
J 762 C1 sun.java2d.opengl.OGLRenderQueue.flushBuffer()V (41 bytes) @ 0x0000000111545d84 [0x0000000111545b20+0x264]
J 712 C1 sun.java2d.opengl.OGLRenderQueue.access$100(Lsun/java2d/opengl/OGLRenderQueue;)V (5 bytes) @ 0x00000001114ff6ac [0x00000001114ff640+0x6c]
j  sun.java2d.opengl.OGLRenderQueue$QueueFlusher.run()V+81
v  ~StubRoutines::call_stub
V  [libjvm.dylib+0x2ef9aa]
V  [libjvm.dylib+0x2f014e]
V  [libjvm.dylib+0x2f02fa]
V  [libjvm.dylib+0x34aae5]
V  [libjvm.dylib+0x56edef]
V  [libjvm.dylib+0x5704ea]
V  [libjvm.dylib+0x48d83a]
C  [libsystem_pthread.dylib+0x3661]  _pthread_body+0x154
C  [libsystem_pthread.dylib+0x350d]  _pthread_body+0x0
C  [libsystem_pthread.dylib+0x2bf9]  thread_start+0xd
C  0x0000000000000000

Java frames: (J=compiled Java code, j=interpreted, Vv=VM code)
J 721  sun.java2d.opengl.OGLRenderQueue.flushBuffer(JI)V (0 bytes) @ 0x00000001115038b8 [0x0000000111503880+0x38]
J 762 C1 sun.java2d.opengl.OGLRenderQueue.flushBuffer()V (41 bytes) @ 0x0000000111545d84 [0x0000000111545b20+0x264]
J 712 C1 sun.java2d.opengl.OGLRenderQueue.access$100(Lsun/java2d/opengl/OGLRenderQueue;)V (5 bytes) @ 0x00000001114ff6ac [0x00000001114ff640+0x6c]
j  sun.java2d.opengl.OGLRenderQueue$QueueFlusher.run()V+81
v  ~StubRoutines::call_stub

---------------  P R O C E S S  ---------------

Java Threads: ( => current thread )
  0x00007fa6d4d1a000 JavaThread "TimerQueue" daemon [_thread_blocked, id=72199, stack(0x0000700004033000,0x0000700004133000)]
  0x00007fa6d49da000 JavaThread "DestroyJavaVM" [_thread_blocked, id=9731, stack(0x00007000027e2000,0x00007000028e2000)]
  0x00007fa6d52cc800 JavaThread "AWT-EventQueue-0" [_thread_blocked, id=52755, stack(0x0000700003ead000,0x0000700003fad000)]
  0x00007fa6d60dd000 JavaThread "Java2D Disposer" daemon [_thread_blocked, id=79631, stack(0x0000700003daa000,0x0000700003eaa000)]
=>0x00007fa6d495f000 JavaThread "Java2D Queue Flusher" daemon [_thread_in_native, id=46147, stack(0x0000700003ca7000,0x0000700003da7000)]
  0x00007fa6d58cc800 JavaThread "AWT-Shutdown" [_thread_blocked, id=26411, stack(0x0000700003998000,0x0000700003a98000)]
  0x00007fa6d510b000 JavaThread "AppKit Thread" daemon [_thread_in_vm, id=775, stack(0x00007ffedfb8c000,0x00007ffee038c000)]
  0x00007fa6d605b800 JavaThread "Service Thread" daemon [_thread_blocked, id=17411, stack(0x000070000370f000,0x000070000380f000)]
  0x00007fa6d6042800 JavaThread "C1 CompilerThread2" daemon [_thread_blocked, id=17667, stack(0x000070000360c000,0x000070000370c000)]
  0x00007fa6d5804000 JavaThread "C2 CompilerThread1" daemon [_thread_blocked, id=14851, stack(0x0000700003509000,0x0000700003609000)]
  0x00007fa6d6041800 JavaThread "C2 CompilerThread0" daemon [_thread_blocked, id=17923, stack(0x0000700003406000,0x0000700003506000)]
  0x00007fa6d4837800 JavaThread "JDWP Command Reader" daemon [_thread_in_native, id=18435, stack(0x0000700003303000,0x0000700003403000)]
  0x00007fa6d5807800 JavaThread "JDWP Event Helper Thread" daemon [_thread_blocked, id=18691, stack(0x0000700003200000,0x0000700003300000)]
  0x00007fa6d4802800 JavaThread "JDWP Transport Listener: dt_socket" daemon [_thread_blocked, id=13831, stack(0x00007000030fd000,0x00007000031fd000)]
  0x00007fa6d5045000 JavaThread "Signal Dispatcher" daemon [_thread_blocked, id=13575, stack(0x0000700002ffa000,0x00007000030fa000)]
  0x00007fa6d601d800 JavaThread "Finalizer" daemon [_thread_blocked, id=20483, stack(0x0000700002ef7000,0x0000700002ff7000)]
  0x00007fa6d481a800 JavaThread "Reference Handler" daemon [_thread_blocked, id=20995, stack(0x0000700002df4000,0x0000700002ef4000)]

Other Threads:
  0x00007fa6d5043800 VMThread [stack: 0x0000700002cf1000,0x0000700002df1000] [id=21507]
  0x00007fa6d4883800 WatcherThread [stack: 0x0000700003812000,0x0000700003912000] [id=15619]

VM state:not at safepoint (normal execution)

VM Mutex/Monitor currently owned by a thread: None

Heap:
 PSYoungGen      total 76288K, used 8618K [0x000000076ab00000, 0x0000000770000000, 0x00000007c0000000)
  eden space 65536K, 6% used [0x000000076ab00000,0x000000076af50f90,0x000000076eb00000)
  from space 10752K, 39% used [0x000000076eb00000,0x000000076ef198f0,0x000000076f580000)
  to   space 10752K, 0% used [0x000000076f580000,0x000000076f580000,0x0000000770000000)
 ParOldGen       total 175104K, used 16K [0x00000006c0000000, 0x00000006cab00000, 0x000000076ab00000)
  object space 175104K, 0% used [0x00000006c0000000,0x00000006c0004000,0x00000006cab00000)
 Metaspace       used 13325K, capacity 13658K, committed 13952K, reserved 1060864K
  class space    used 1708K, capacity 1806K, committed 1920K, reserved 1048576K

Card table byte_map: [0x0000000120600000,0x0000000120e01000] byte_map_base: 0x000000011d000000

Marking Bits: (ParMarkBitMap*) 0x00000001101a46c0
 Begin Bits: [0x0000000121357000, 0x0000000125357000)
 End Bits:   [0x0000000125357000, 0x0000000129357000)

Polling page: 0x000000011089f000

CodeCache: size=245760Kb used=5335Kb max_used=5335Kb free=240425Kb
 bounds [0x0000000111240000, 0x0000000111780000, 0x0000000120240000]
 total_blobs=1978 nmethods=1436 adapters=463
 compilation: enabled

Compilation events (10 events):
Event: 664.894 Thread 0x00007fa6d6042800 1434       3       sun.misc.VM::addFinalRefCount (24 bytes)
Event: 664.894 Thread 0x00007fa6d6042800 nmethod 1434 0x0000000111772550 code [0x00000001117726c0, 0x0000000111772870]
Event: 664.895 Thread 0x00007fa6d6042800 1435       3       java.lang.ref.ReferenceQueue::reallyPoll (66 bytes)
Event: 664.896 Thread 0x00007fa6d6042800 nmethod 1435 0x0000000111771e50 code [0x0000000111771fe0, 0x0000000111772470]
Event: 664.896 Thread 0x00007fa6d6042800 1438       1       java.util.concurrent.ConcurrentHashMap::spread (10 bytes)
Event: 664.896 Thread 0x00007fa6d6042800 nmethod 1438 0x0000000111774f50 code [0x00000001117750a0, 0x0000000111775190]
Event: 664.896 Thread 0x00007fa6d6042800 1436   !   3       java.util.concurrent.ConcurrentHashMap::replaceNode (416 bytes)
Event: 664.898 Thread 0x00007fa6d6042800 nmethod 1436 0x0000000111775210 code [0x0000000111775520, 0x0000000111777348]
Event: 664.898 Thread 0x00007fa6d6042800 1437       3       java.util.concurrent.ConcurrentHashMap::remove (32 bytes)
Event: 664.899 Thread 0x00007fa6d6042800 nmethod 1437 0x0000000111778490 code [0x0000000111778620, 0x00000001117789d8]

GC Heap History (2 events):
Event: 664.880 GC heap before
{Heap before GC invocations=1 (full 0):
 PSYoungGen      total 76288K, used 65536K [0x000000076ab00000, 0x0000000770000000, 0x00000007c0000000)
  eden space 65536K, 100% used [0x000000076ab00000,0x000000076eb00000,0x000000076eb00000)
  from space 10752K, 0% used [0x000000076f580000,0x000000076f580000,0x0000000770000000)
  to   space 10752K, 0% used [0x000000076eb00000,0x000000076eb00000,0x000000076f580000)
 ParOldGen       total 175104K, used 0K [0x00000006c0000000, 0x00000006cab00000, 0x000000076ab00000)
  object space 175104K, 0% used [0x00000006c0000000,0x00000006c0000000,0x00000006cab00000)
 Metaspace       used 13319K, capacity 13594K, committed 13952K, reserved 1060864K
  class space    used 1708K, capacity 1806K, committed 1920K, reserved 1048576K
Event: 664.887 GC heap after
Heap after GC invocations=1 (full 0):
 PSYoungGen      total 76288K, used 4198K [0x000000076ab00000, 0x0000000770000000, 0x00000007c0000000)
  eden space 65536K, 0% used [0x000000076ab00000,0x000000076ab00000,0x000000076eb00000)
  from space 10752K, 39% used [0x000000076eb00000,0x000000076ef198f0,0x000000076f580000)
  to   space 10752K, 0% used [0x000000076f580000,0x000000076f580000,0x0000000770000000)
 ParOldGen       total 175104K, used 16K [0x00000006c0000000, 0x00000006cab00000, 0x000000076ab00000)
  object space 175104K, 0% used [0x00000006c0000000,0x00000006c0004000,0x00000006cab00000)
 Metaspace       used 13319K, capacity 13594K, committed 13952K, reserved 1060864K
  class space    used 1708K, capacity 1806K, committed 1920K, reserved 1048576K
}

Deoptimization events (10 events):
Event: 81.811 Thread 0x00007fa6d52cc800 Uncommon trap: reason=class_check action=maybe_recompile pc=0x00000001116c73a8 method=sun.java2d.loops.SurfaceType.pixelFor(ILjava/awt/image/ColorModel;)I @ 6
Event: 81.811 Thread 0x00007fa6d52cc800 Uncommon trap: reason=class_check action=maybe_recompile pc=0x00000001116c73a8 method=sun.java2d.loops.SurfaceType.pixelFor(ILjava/awt/image/ColorModel;)I @ 6
Event: 81.811 Thread 0x00007fa6d52cc800 Uncommon trap: reason=class_check action=maybe_recompile pc=0x00000001116c73a8 method=sun.java2d.loops.SurfaceType.pixelFor(ILjava/awt/image/ColorModel;)I @ 6
Event: 81.812 Thread 0x00007fa6d52cc800 Uncommon trap: reason=class_check action=maybe_recompile pc=0x00000001116c73a8 method=sun.java2d.loops.SurfaceType.pixelFor(ILjava/awt/image/ColorModel;)I @ 6
Event: 114.796 Thread 0x00007fa6d52cc800 Uncommon trap: reason=unstable_if action=reinterpret pc=0x0000000111714784 method=java.lang.StrictMath.floorOrCeil(DDDD)D @ 115
Event: 114.796 Thread 0x00007fa6d52cc800 Uncommon trap: reason=unstable_if action=reinterpret pc=0x00000001116b4608 method=java.lang.StrictMath.floorOrCeil(DDDD)D @ 115
Event: 114.796 Thread 0x00007fa6d52cc800 Uncommon trap: reason=unstable_if action=reinterpret pc=0x00000001116b6098 method=java.lang.StrictMath.floorOrCeil(DDDD)D @ 115
Event: 114.807 Thread 0x00007fa6d52cc800 Uncommon trap: reason=unstable_if action=reinterpret pc=0x00000001116ffae8 method=java.lang.StrictMath.floorOrCeil(DDDD)D @ 115
Event: 663.761 Thread 0x00007fa6d510b000 Uncommon trap: reason=unstable_if action=reinterpret pc=0x000000011176d89c method=java.util.concurrent.locks.ReentrantLock$Sync.nonfairTryAcquire(I)Z @ 19
Event: 663.761 Thread 0x00007fa6d52cc800 Uncommon trap: reason=unstable_if action=reinterpret pc=0x000000011173c7c8 method=gameoflifepackage.Grid.paintComponent(Ljava/awt/Graphics;)V @ 67

Classes redefined (0 events):
No events

Internal exceptions (10 events):
Event: 0.326 Thread 0x00007fa6d5007000 Exception <a 'java/security/PrivilegedActionException'> (0x000000076aeb9c58) thrown at [/Users/java_re/workspace/8-2-build-macosx-x86_64/jdk8u161/10277/hotspot/src/share/vm/prims/jvm.cpp, line 1390]
Event: 0.327 Thread 0x00007fa6d5007000 Exception <a 'java/security/PrivilegedActionException'> (0x000000076aeb9e68) thrown at [/Users/java_re/workspace/8-2-build-macosx-x86_64/jdk8u161/10277/hotspot/src/share/vm/prims/jvm.cpp, line 1390]
Event: 0.329 Thread 0x00007fa6d5007000 Exception <a 'java/security/PrivilegedActionException'> (0x000000076aebd198) thrown at [/Users/java_re/workspace/8-2-build-macosx-x86_64/jdk8u161/10277/hotspot/src/share/vm/prims/jvm.cpp, line 1390]
Event: 0.329 Thread 0x00007fa6d5007000 Exception <a 'java/security/PrivilegedActionException'> (0x000000076aebd3a8) thrown at [/Users/java_re/workspace/8-2-build-macosx-x86_64/jdk8u161/10277/hotspot/src/share/vm/prims/jvm.cpp, line 1390]
Event: 0.436 Thread 0x00007fa6d5007000 Exception <a 'java/lang/NoSuchFieldError': method resolution failed> (0x000000076b13d6b8) thrown at [/Users/java_re/workspace/8-2-build-macosx-x86_64/jdk8u161/10277/hotspot/src/share/vm/prims/methodHandles.cpp, line 1167]
Event: 0.445 Thread 0x00007fa6d5007000 Exception <a 'java/lang/NoSuchFieldError': method resolution failed> (0x000000076b14b930) thrown at [/Users/java_re/workspace/8-2-build-macosx-x86_64/jdk8u161/10277/hotspot/src/share/vm/prims/methodHandles.cpp, line 1167]
Event: 0.855 Thread 0x00007fa6d5007000 Exception <a 'java/io/FileNotFoundException'> (0x000000076b1ec388) thrown at [/Users/java_re/workspace/8-2-build-macosx-x86_64/jdk8u161/10277/hotspot/src/share/vm/prims/jni.cpp, line 709]
Event: 0.856 Thread 0x00007fa6d5007000 Exception <a 'java/io/FileNotFoundException'> (0x000000076b1ecf08) thrown at [/Users/java_re/workspace/8-2-build-macosx-x86_64/jdk8u161/10277/hotspot/src/share/vm/prims/jni.cpp, line 709]
Event: 664.892 Thread 0x00007fa6d601d800 Exception <a 'java/lang/NullPointerException'> (0x000000076ae09598) thrown at [/Users/java_re/workspace/8-2-build-macosx-x86_64/jdk8u161/10277/hotspot/src/share/vm/interpreter/linkResolver.cpp, line 1185]
Event: 664.894 Thread 0x00007fa6d601d800 Exception <a 'java/lang/NullPointerException'> (0x000000076ae097c0) thrown at [/Users/java_re/workspace/8-2-build-macosx-x86_64/jdk8u161/10277/hotspot/src/share/vm/interpreter/linkResolver.cpp, line 1185]

Events (10 events):
Event: 664.894 Executing VM operation: RevokeBias
Event: 664.894 Executing VM operation: RevokeBias done
Event: 664.895 Executing VM operation: RevokeBias
Event: 664.895 Executing VM operation: RevokeBias done
Event: 664.895 Executing VM operation: RevokeBias
Event: 664.895 Executing VM operation: RevokeBias done
Event: 664.895 Executing VM operation: BulkRevokeBias
Event: 664.895 Executing VM operation: BulkRevokeBias done
Event: 664.896 Executing VM operation: RevokeBias
Event: 664.896 Executing VM operation: RevokeBias done


Dynamic libraries:
0x00000000167ef000 	/System/Library/Frameworks/Cocoa.framework/Versions/A/Cocoa
0x00000000167ef000 	/System/Library/Frameworks/Security.framework/Versions/A/Security
0x00000000167ef000 	/System/Library/Frameworks/ApplicationServices.framework/Versions/A/ApplicationServices
0x00000000167ef000 	/usr/lib/libz.1.dylib
0x00000000167ef000 	/usr/lib/libSystem.B.dylib
0x00000000167ef000 	/usr/lib/libobjc.A.dylib
0x00000000167ef000 	/System/Library/Frameworks/CoreFoundation.framework/Versions/A/CoreFoundation
0x00000000167ef000 	/System/Library/Frameworks/Foundation.framework/Versions/C/Foundation
0x00000000167ef000 	/System/Library/Frameworks/AppKit.framework/Versions/C/AppKit
0x00000000167ef000 	/System/Library/Frameworks/CoreData.framework/Versions/A/CoreData
0x00000000167ef000 	/System/Library/PrivateFrameworks/RemoteViewServices.framework/Versions/A/RemoteViewServices
0x00000000167ef000 	/System/Library/PrivateFrameworks/UIFoundation.framework/Versions/A/UIFoundation
0x00000000167ef000 	/System/Library/PrivateFrameworks/DFRFoundation.framework/Versions/A/DFRFoundation
0x00000000167ef000 	/System/Library/Frameworks/Metal.framework/Versions/A/Metal
0x00000000167ef000 	/System/Library/PrivateFrameworks/DesktopServicesPriv.framework/Versions/A/DesktopServicesPriv
0x00000000167ef000 	/usr/lib/libenergytrace.dylib
0x00000000167ef000 	/System/Library/PrivateFrameworks/SkyLight.framework/Versions/A/SkyLight
0x00000000167ef000 	/System/Library/Frameworks/CoreGraphics.framework/Versions/A/CoreGraphics
0x00000000167ef000 	/usr/lib/libScreenReader.dylib
0x00000000167ef000 	/System/Library/Frameworks/Accelerate.framework/Versions/A/Accelerate
0x00000000167ef000 	/System/Library/Frameworks/IOSurface.framework/Versions/A/IOSurface
0x00000000167ef000 	/System/Library/Frameworks/AudioToolbox.framework/Versions/A/AudioToolbox
0x00000000167ef000 	/System/Library/Frameworks/AudioUnit.framework/Versions/A/AudioUnit
0x00000000167ef000 	/System/Library/PrivateFrameworks/DataDetectorsCore.framework/Versions/A/DataDetectorsCore
0x00000000167ef000 	/System/Library/Frameworks/Carbon.framework/Versions/A/Frameworks/HIToolbox.framework/Versions/A/HIToolbox
0x00000000167ef000 	/usr/lib/libicucore.A.dylib
0x00000000167ef000 	/System/Library/Frameworks/QuartzCore.framework/Versions/A/QuartzCore
0x00000000167ef000 	/System/Library/PrivateFrameworks/SignpostNotification.framework/Versions/A/SignpostNotification
0x00000000167ef000 	/System/Library/Frameworks/Carbon.framework/Versions/A/Frameworks/SpeechRecognition.framework/Versions/A/SpeechRecognition
0x00000000167ef000 	/usr/lib/libauto.dylib
0x00000000167ef000 	/usr/lib/libxml2.2.dylib
0x00000000167ef000 	/System/Library/PrivateFrameworks/CoreUI.framework/Versions/A/CoreUI
0x00000000167ef000 	/System/Library/Frameworks/CoreAudio.framework/Versions/A/CoreAudio
0x00000000167ef000 	/System/Library/Frameworks/DiskArbitration.framework/Versions/A/DiskArbitration
0x00000000167ef000 	/usr/lib/liblangid.dylib
0x00000000167ef000 	/System/Library/PrivateFrameworks/MultitouchSupport.framework/Versions/A/MultitouchSupport
0x00000000167ef000 	/System/Library/Frameworks/IOKit.framework/Versions/A/IOKit
0x00000000167ef000 	/usr/lib/libDiagnosticMessagesClient.dylib
0x00000000167ef000 	/System/Library/Frameworks/CoreServices.framework/Versions/A/CoreServices
0x00000000167ef000 	/System/Library/PrivateFrameworks/PerformanceAnalysis.framework/Versions/A/PerformanceAnalysis
0x00000000167ef000 	/System/Library/Frameworks/OpenGL.framework/Versions/A/OpenGL
0x00000000167ef000 	/System/Library/Frameworks/ColorSync.framework/Versions/A/ColorSync
0x00000000167ef000 	/System/Library/Frameworks/CoreImage.framework/Versions/A/CoreImage
0x00000000167ef000 	/System/Library/Frameworks/CoreText.framework/Versions/A/CoreText
0x00000000167ef000 	/System/Library/Frameworks/ImageIO.framework/Versions/A/ImageIO
0x00000000167ef000 	/System/Library/PrivateFrameworks/Backup.framework/Versions/A/Backup
0x00000000167ef000 	/usr/lib/libarchive.2.dylib
0x00000000167ef000 	/System/Library/Frameworks/CFNetwork.framework/Versions/A/CFNetwork
0x00000000167ef000 	/System/Library/Frameworks/SystemConfiguration.framework/Versions/A/SystemConfiguration
0x00000000167ef000 	/usr/lib/libCRFSuite.dylib
0x00000000167ef000 	/usr/lib/libc++.1.dylib
0x00000000167ef000 	/usr/lib/libc++abi.dylib
0x00000000167ef000 	/usr/lib/system/libcache.dylib
0x00000000167ef000 	/usr/lib/system/libcommonCrypto.dylib
0x00000000167ef000 	/usr/lib/system/libcompiler_rt.dylib
0x00000000167ef000 	/usr/lib/system/libcopyfile.dylib
0x00000000167ef000 	/usr/lib/system/libcorecrypto.dylib
0x00000000167ef000 	/usr/lib/system/libdispatch.dylib
0x00000000167ef000 	/usr/lib/system/libdyld.dylib
0x00000000167ef000 	/usr/lib/system/libkeymgr.dylib
0x00000000167ef000 	/usr/lib/system/liblaunch.dylib
0x00000000167ef000 	/usr/lib/system/libmacho.dylib
0x00000000167ef000 	/usr/lib/system/libquarantine.dylib
0x00000000167ef000 	/usr/lib/system/libremovefile.dylib
0x00000000167ef000 	/usr/lib/system/libsystem_asl.dylib
0x00000000167ef000 	/usr/lib/system/libsystem_blocks.dylib
0x00000000167ef000 	/usr/lib/system/libsystem_c.dylib
0x00000000167ef000 	/usr/lib/system/libsystem_configuration.dylib
0x00000000167ef000 	/usr/lib/system/libsystem_coreservices.dylib
0x00000000167ef000 	/usr/lib/system/libsystem_darwin.dylib
0x00000000167ef000 	/usr/lib/system/libsystem_dnssd.dylib
0x00000000167ef000 	/usr/lib/system/libsystem_info.dylib
0x00000000167ef000 	/usr/lib/system/libsystem_m.dylib
0x00000000167ef000 	/usr/lib/system/libsystem_malloc.dylib
0x00000000167ef000 	/usr/lib/system/libsystem_network.dylib
0x00000000167ef000 	/usr/lib/system/libsystem_networkextension.dylib
0x00000000167ef000 	/usr/lib/system/libsystem_notify.dylib
0x00000000167ef000 	/usr/lib/system/libsystem_sandbox.dylib
0x00000000167ef000 	/usr/lib/system/libsystem_secinit.dylib
0x00000000167ef000 	/usr/lib/system/libsystem_kernel.dylib
0x00000000167ef000 	/usr/lib/system/libsystem_platform.dylib
0x00000000167ef000 	/usr/lib/system/libsystem_pthread.dylib
0x00000000167ef000 	/usr/lib/system/libsystem_symptoms.dylib
0x00000000167ef000 	/usr/lib/system/libsystem_trace.dylib
0x00000000167ef000 	/usr/lib/system/libunwind.dylib
0x00000000167ef000 	/usr/lib/system/libxpc.dylib
0x00000000167ef000 	/usr/lib/closure/libclosured.dylib
0x00000000167ef000 	/usr/lib/libbsm.0.dylib
0x00000000167ef000 	/usr/lib/system/libkxld.dylib
0x00000000167ef000 	/usr/lib/libOpenScriptingUtil.dylib
0x00000000167ef000 	/usr/lib/libcoretls.dylib
0x00000000167ef000 	/usr/lib/libcoretls_cfhelpers.dylib
0x00000000167ef000 	/usr/lib/libpam.2.dylib
0x00000000167ef000 	/usr/lib/libsqlite3.dylib
0x00000000167ef000 	/usr/lib/libxar.1.dylib
0x00000000167ef000 	/usr/lib/libbz2.1.0.dylib
0x00000000167ef000 	/usr/lib/liblzma.5.dylib
0x00000000167ef000 	/usr/lib/libnetwork.dylib
0x00000000167ef000 	/usr/lib/libapple_nghttp2.dylib
0x00000000167ef000 	/usr/lib/libpcap.A.dylib
0x00000000167ef000 	/usr/lib/libboringssl.dylib
0x00000000167ef000 	/usr/lib/libusrtcp.dylib
0x00000000167ef000 	/usr/lib/libapple_crypto.dylib
0x00000000167ef000 	/System/Library/Frameworks/CoreServices.framework/Versions/A/Frameworks/FSEvents.framework/Versions/A/FSEvents
0x00000000167ef000 	/System/Library/Frameworks/CoreServices.framework/Versions/A/Frameworks/CarbonCore.framework/Versions/A/CarbonCore
0x00000000167ef000 	/System/Library/Frameworks/CoreServices.framework/Versions/A/Frameworks/Metadata.framework/Versions/A/Metadata
0x00000000167ef000 	/System/Library/Frameworks/CoreServices.framework/Versions/A/Frameworks/OSServices.framework/Versions/A/OSServices
0x00000000167ef000 	/System/Library/Frameworks/CoreServices.framework/Versions/A/Frameworks/SearchKit.framework/Versions/A/SearchKit
0x00000000167ef000 	/System/Library/Frameworks/CoreServices.framework/Versions/A/Frameworks/AE.framework/Versions/A/AE
0x00000000167ef000 	/System/Library/Frameworks/CoreServices.framework/Versions/A/Frameworks/LaunchServices.framework/Versions/A/LaunchServices
0x00000000167ef000 	/System/Library/Frameworks/CoreServices.framework/Versions/A/Frameworks/DictionaryServices.framework/Versions/A/DictionaryServices
0x00000000167ef000 	/System/Library/Frameworks/CoreServices.framework/Versions/A/Frameworks/SharedFileList.framework/Versions/A/SharedFileList
0x00000000167ef000 	/System/Library/Frameworks/NetFS.framework/Versions/A/NetFS
0x00000000167ef000 	/System/Library/PrivateFrameworks/NetAuth.framework/Versions/A/NetAuth
0x00000000167ef000 	/System/Library/PrivateFrameworks/login.framework/Versions/A/Frameworks/loginsupport.framework/Versions/A/loginsupport
0x00000000167ef000 	/System/Library/PrivateFrameworks/TCC.framework/Versions/A/TCC
0x00000000167ef000 	/usr/lib/libmecabra.dylib
0x00000000167ef000 	/System/Library/Frameworks/ApplicationServices.framework/Versions/A/Frameworks/ATS.framework/Versions/A/ATS
0x00000000167ef000 	/System/Library/Frameworks/ApplicationServices.framework/Versions/A/Frameworks/ColorSyncLegacy.framework/Versions/A/ColorSyncLegacy
0x00000000167ef000 	/System/Library/Frameworks/ApplicationServices.framework/Versions/A/Frameworks/HIServices.framework/Versions/A/HIServices
0x00000000167ef000 	/System/Library/Frameworks/ApplicationServices.framework/Versions/A/Frameworks/LangAnalysis.framework/Versions/A/LangAnalysis
0x00000000167ef000 	/System/Library/Frameworks/ApplicationServices.framework/Versions/A/Frameworks/PrintCore.framework/Versions/A/PrintCore
0x00000000167ef000 	/System/Library/Frameworks/ApplicationServices.framework/Versions/A/Frameworks/QD.framework/Versions/A/QD
0x00000000167ef000 	/System/Library/Frameworks/ApplicationServices.framework/Versions/A/Frameworks/SpeechSynthesis.framework/Versions/A/SpeechSynthesis
0x00000000167ef000 	/System/Library/Frameworks/CoreDisplay.framework/Versions/A/CoreDisplay
0x00000000167ef000 	/System/Library/Frameworks/Accelerate.framework/Versions/A/Frameworks/vImage.framework/Versions/A/vImage
0x00000000167ef000 	/System/Library/Frameworks/Accelerate.framework/Versions/A/Frameworks/vecLib.framework/Versions/A/vecLib
0x00000000167ef000 	/System/Library/Frameworks/Accelerate.framework/Versions/A/Frameworks/vecLib.framework/Versions/A/libvDSP.dylib
0x00000000167ef000 	/System/Library/Frameworks/Accelerate.framework/Versions/A/Frameworks/vecLib.framework/Versions/A/libBNNS.dylib
0x00000000167ef000 	/System/Library/Frameworks/Accelerate.framework/Versions/A/Frameworks/vecLib.framework/Versions/A/libQuadrature.dylib
0x00000000167ef000 	/System/Library/Frameworks/Accelerate.framework/Versions/A/Frameworks/vecLib.framework/Versions/A/libvMisc.dylib
0x00000000167ef000 	/System/Library/Frameworks/Accelerate.framework/Versions/A/Frameworks/vecLib.framework/Versions/A/libLAPACK.dylib
0x00000000167ef000 	/System/Library/Frameworks/Accelerate.framework/Versions/A/Frameworks/vecLib.framework/Versions/A/libBLAS.dylib
0x00000000167ef000 	/System/Library/Frameworks/Accelerate.framework/Versions/A/Frameworks/vecLib.framework/Versions/A/libLinearAlgebra.dylib
0x00000000167ef000 	/System/Library/Frameworks/Accelerate.framework/Versions/A/Frameworks/vecLib.framework/Versions/A/libSparse.dylib
0x00000000167ef000 	/System/Library/Frameworks/Accelerate.framework/Versions/A/Frameworks/vecLib.framework/Versions/A/libSparseBLAS.dylib
0x00000000167ef000 	/System/Library/PrivateFrameworks/GPUWrangler.framework/Versions/A/GPUWrangler
0x00000000167ef000 	/System/Library/PrivateFrameworks/IOAccelerator.framework/Versions/A/IOAccelerator
0x00000000167ef000 	/System/Library/PrivateFrameworks/IOPresentment.framework/Versions/A/IOPresentment
0x00000000167ef000 	/System/Library/PrivateFrameworks/DSExternalDisplay.framework/Versions/A/DSExternalDisplay
0x00000000167ef000 	/System/Library/Frameworks/OpenGL.framework/Versions/A/Libraries/libCoreFSCache.dylib
0x00000000167ef000 	/System/Library/Frameworks/CoreVideo.framework/Versions/A/CoreVideo
0x00000000167ef000 	/System/Library/PrivateFrameworks/GraphVisualizer.framework/Versions/A/GraphVisualizer
0x00000000167ef000 	/System/Library/Frameworks/MetalPerformanceShaders.framework/Versions/A/MetalPerformanceShaders
0x00000000167ef000 	/usr/lib/libFosl_dynamic.dylib
0x00000000167ef000 	/System/Library/PrivateFrameworks/FaceCore.framework/Versions/A/FaceCore
0x00000000167ef000 	/System/Library/Frameworks/OpenCL.framework/Versions/A/OpenCL
0x00000000167ef000 	/usr/lib/libcompression.dylib
0x00000000167ef000 	/System/Library/Frameworks/ApplicationServices.framework/Versions/A/Frameworks/ATS.framework/Versions/A/Resources/libFontParser.dylib
0x00000000167ef000 	/System/Library/Frameworks/ApplicationServices.framework/Versions/A/Frameworks/ATS.framework/Versions/A/Resources/libFontRegistry.dylib
0x00000000167ef000 	/System/Library/Frameworks/ImageIO.framework/Versions/A/Resources/libJPEG.dylib
0x00000000167ef000 	/System/Library/Frameworks/ImageIO.framework/Versions/A/Resources/libTIFF.dylib
0x00000000167ef000 	/System/Library/Frameworks/ImageIO.framework/Versions/A/Resources/libPng.dylib
0x00000000167ef000 	/System/Library/Frameworks/ImageIO.framework/Versions/A/Resources/libGIF.dylib
0x00000000167ef000 	/System/Library/Frameworks/ImageIO.framework/Versions/A/Resources/libJP2.dylib
0x00000000167ef000 	/System/Library/Frameworks/ImageIO.framework/Versions/A/Resources/libRadiance.dylib
0x00000000167ef000 	/System/Library/PrivateFrameworks/AppleJPEG.framework/Versions/A/AppleJPEG
0x00000000167ef000 	/System/Library/Frameworks/MetalPerformanceShaders.framework/Frameworks/MPSCore.framework/Versions/A/MPSCore
0x00000000167ef000 	/System/Library/Frameworks/MetalPerformanceShaders.framework/Frameworks/MPSImage.framework/Versions/A/MPSImage
0x00000000167ef000 	/System/Library/Frameworks/MetalPerformanceShaders.framework/Frameworks/MPSNeuralNetwork.framework/Versions/A/MPSNeuralNetwork
0x00000000167ef000 	/System/Library/Frameworks/MetalPerformanceShaders.framework/Frameworks/MPSMatrix.framework/Versions/A/MPSMatrix
0x00000000167ef000 	/System/Library/PrivateFrameworks/MetalTools.framework/Versions/A/MetalTools
0x00000000167ef000 	/System/Library/Frameworks/OpenGL.framework/Versions/A/Libraries/libGLU.dylib
0x00000000167ef000 	/System/Library/Frameworks/OpenGL.framework/Versions/A/Libraries/libGFXShared.dylib
0x00000000167ef000 	/System/Library/Frameworks/OpenGL.framework/Versions/A/Libraries/libGL.dylib
0x00000000167ef000 	/System/Library/Frameworks/OpenGL.framework/Versions/A/Libraries/libGLImage.dylib
0x00000000167ef000 	/System/Library/Frameworks/OpenGL.framework/Versions/A/Libraries/libCVMSPluginSupport.dylib
0x00000000167ef000 	/System/Library/Frameworks/OpenGL.framework/Versions/A/Libraries/libCoreVMClient.dylib
0x00000000167ef000 	/usr/lib/libcups.2.dylib
0x00000000167ef000 	/System/Library/Frameworks/Kerberos.framework/Versions/A/Kerberos
0x00000000167ef000 	/System/Library/Frameworks/GSS.framework/Versions/A/GSS
0x00000000167ef000 	/usr/lib/libresolv.9.dylib
0x00000000167ef000 	/usr/lib/libiconv.2.dylib
0x00000000167ef000 	/System/Library/PrivateFrameworks/Heimdal.framework/Versions/A/Heimdal
0x00000000167ef000 	/usr/lib/libheimdal-asn1.dylib
0x00000000167ef000 	/System/Library/Frameworks/OpenDirectory.framework/Versions/A/OpenDirectory
0x00000000167ef000 	/System/Library/PrivateFrameworks/CommonAuth.framework/Versions/A/CommonAuth
0x00000000167ef000 	/System/Library/Frameworks/OpenDirectory.framework/Versions/A/Frameworks/CFOpenDirectory.framework/Versions/A/CFOpenDirectory
0x00000000167ef000 	/System/Library/Frameworks/SecurityFoundation.framework/Versions/A/SecurityFoundation
0x00000000167ef000 	/System/Library/PrivateFrameworks/APFS.framework/Versions/A/APFS
0x00000000167ef000 	/usr/lib/libutil.dylib
0x00000000167ef000 	/System/Library/PrivateFrameworks/AppleSauce.framework/Versions/A/AppleSauce
0x00000000167ef000 	/System/Library/PrivateFrameworks/LinguisticData.framework/Versions/A/LinguisticData
0x00000000167ef000 	/usr/lib/libmarisa.dylib
0x00000000167ef000 	/System/Library/PrivateFrameworks/Lexicon.framework/Versions/A/Lexicon
0x00000000167ef000 	/usr/lib/libChineseTokenizer.dylib
0x00000000167ef000 	/usr/lib/libcmph.dylib
0x00000000167ef000 	/System/Library/PrivateFrameworks/LanguageModeling.framework/Versions/A/LanguageModeling
0x00000000167ef000 	/System/Library/PrivateFrameworks/CoreEmoji.framework/Versions/A/CoreEmoji
0x00000000167ef000 	/System/Library/Frameworks/ServiceManagement.framework/Versions/A/ServiceManagement
0x00000000167ef000 	/System/Library/PrivateFrameworks/BackgroundTaskManagement.framework/Versions/A/BackgroundTaskManagement
0x00000000167ef000 	/usr/lib/libxslt.1.dylib
0x00000000167ef000 	/System/Library/Frameworks/Carbon.framework/Versions/A/Frameworks/Ink.framework/Versions/A/Ink
0x00000000167ef000 	/System/Library/PrivateFrameworks/TextureIO.framework/Versions/A/TextureIO
0x00000000167ef000 	/usr/lib/libate.dylib
0x00000000167ef000 	/System/Library/PrivateFrameworks/CrashReporterSupport.framework/Versions/A/CrashReporterSupport
0x00000000167ef000 	/System/Library/PrivateFrameworks/Sharing.framework/Versions/A/Sharing
0x00000000167ef000 	/System/Library/PrivateFrameworks/IconServices.framework/Versions/A/IconServices
0x00000000167ef000 	/System/Library/PrivateFrameworks/Apple80211.framework/Versions/A/Apple80211
0x00000000167ef000 	/System/Library/PrivateFrameworks/CoreUtils.framework/Versions/A/CoreUtils
0x00000000167ef000 	/System/Library/Frameworks/CoreWLAN.framework/Versions/A/CoreWLAN
0x00000000167ef000 	/System/Library/Frameworks/IOBluetooth.framework/Versions/A/IOBluetooth
0x00000000167ef000 	/System/Library/PrivateFrameworks/ProtocolBuffer.framework/Versions/A/ProtocolBuffer
0x00000000167ef000 	/System/Library/PrivateFrameworks/CoreWiFi.framework/Versions/A/CoreWiFi
0x00000000167ef000 	/System/Library/Frameworks/CoreBluetooth.framework/Versions/A/CoreBluetooth
0x00000000167ef000 	/System/Library/PrivateFrameworks/DebugSymbols.framework/Versions/A/DebugSymbols
0x00000000167ef000 	/System/Library/PrivateFrameworks/CoreSymbolication.framework/Versions/A/CoreSymbolication
0x00000000167ef000 	/System/Library/PrivateFrameworks/Symbolication.framework/Versions/A/Symbolication
0x00000000167ef000 	/System/Library/PrivateFrameworks/AppleFSCompression.framework/Versions/A/AppleFSCompression
0x00000000167ef000 	/System/Library/PrivateFrameworks/SpeechRecognitionCore.framework/Versions/A/SpeechRecognitionCore
0x000000010f8ad000 	/Library/Java/JavaVirtualMachines/jdk1.8.0_161.jdk/Contents/Home/jre/lib/server/libjvm.dylib
0x00000000167ef000 	/usr/lib/libstdc++.6.0.9.dylib
0x000000011085b000 	/Library/Java/JavaVirtualMachines/jdk1.8.0_161.jdk/Contents/Home/jre/lib/libverify.dylib
0x0000000110869000 	/Library/Java/JavaVirtualMachines/jdk1.8.0_161.jdk/Contents/Home/jre/lib/libjava.dylib
0x00000001108a0000 	/Library/Java/JavaVirtualMachines/jdk1.8.0_161.jdk/Contents/Home/jre/lib/libjdwp.dylib
0x00000001108eb000 	/Library/Java/JavaVirtualMachines/jdk1.8.0_161.jdk/Contents/Home/jre/lib/libnpt.dylib
0x000000011099a000 	/Library/Java/JavaVirtualMachines/jdk1.8.0_161.jdk/Contents/Home/jre/lib/libinstrument.dylib
0x00000001109ee000 	/Library/Java/JavaVirtualMachines/jdk1.8.0_161.jdk/Contents/Home/jre/lib/libzip.dylib
0x000000012d011000 	/Library/Java/JavaVirtualMachines/jdk1.8.0_161.jdk/Contents/Home/jre/lib/libdt_socket.dylib
0x000000012d1d2000 	/Library/Java/JavaVirtualMachines/jdk1.8.0_161.jdk/Contents/Home/jre/lib/libawt.dylib
0x000000012d27c000 	/Library/Java/JavaVirtualMachines/jdk1.8.0_161.jdk/Contents/Home/jre/lib/./libmlib_image.dylib
0x00000000167ef000 	/System/Library/Frameworks/JavaVM.framework/Versions/A/Frameworks/JavaNativeFoundation.framework/Versions/A/JavaNativeFoundation
0x00000000167ef000 	/System/Library/Frameworks/JavaVM.framework/Versions/A/Frameworks/JavaRuntimeSupport.framework/Versions/A/JavaRuntimeSupport
0x00000000167ef000 	/System/Library/Frameworks/JavaVM.framework/Versions/A/JavaVM
0x00000000167ef000 	/System/Library/PrivateFrameworks/JavaLaunching.framework/Versions/A/JavaLaunching
0x00000000167ef000 	/System/Library/Frameworks/Carbon.framework/Versions/A/Carbon
0x00000000167ef000 	/System/Library/Frameworks/Carbon.framework/Versions/A/Frameworks/CommonPanels.framework/Versions/A/CommonPanels
0x00000000167ef000 	/System/Library/Frameworks/Carbon.framework/Versions/A/Frameworks/Help.framework/Versions/A/Help
0x00000000167ef000 	/System/Library/Frameworks/Carbon.framework/Versions/A/Frameworks/ImageCapture.framework/Versions/A/ImageCapture
0x00000000167ef000 	/System/Library/Frameworks/Carbon.framework/Versions/A/Frameworks/OpenScripting.framework/Versions/A/OpenScripting
0x00000000167ef000 	/System/Library/Frameworks/Carbon.framework/Versions/A/Frameworks/Print.framework/Versions/A/Print
0x00000000167ef000 	/System/Library/Frameworks/Carbon.framework/Versions/A/Frameworks/SecurityHI.framework/Versions/A/SecurityHI
0x000000012d348000 	/Library/Java/JavaVirtualMachines/jdk1.8.0_161.jdk/Contents/Home/jre/lib/libawt_lwawt.dylib
0x000000012d402000 	/Library/Java/JavaVirtualMachines/jdk1.8.0_161.jdk/Contents/Home/jre/lib/./libosxapp.dylib
0x00000000167ef000 	/System/Library/Frameworks/ExceptionHandling.framework/Versions/A/ExceptionHandling
0x00000000167ef000 	/System/Library/PrivateFrameworks/CoreServicesInternal.framework/Versions/A/CoreServicesInternal
0x00000000167ef000 	/System/Library/CoreServices/RawCamera.bundle/Contents/MacOS/RawCamera
0x00000000167ef000 	/System/Library/PrivateFrameworks/MobileAsset.framework/Versions/A/MobileAsset
0x00000000167ef000 	/System/Library/PrivateFrameworks/StreamingZip.framework/Versions/A/StreamingZip
0x00000000167ef000 	/System/Library/Frameworks/MediaToolbox.framework/Versions/A/MediaToolbox
0x00000000167ef000 	/System/Library/PrivateFrameworks/CoreAVCHD.framework/Versions/A/CoreAVCHD
0x00000000167ef000 	/System/Library/Frameworks/MediaAccessibility.framework/Versions/A/MediaAccessibility
0x00000000167ef000 	/System/Library/PrivateFrameworks/Mangrove.framework/Versions/A/Mangrove
0x00000000167ef000 	/System/Library/Frameworks/CoreMedia.framework/Versions/A/CoreMedia
0x00000000167ef000 	/System/Library/Frameworks/VideoToolbox.framework/Versions/A/VideoToolbox
0x00000000167ef000 	/System/Library/PrivateFrameworks/CoreAUC.framework/Versions/A/CoreAUC
0x00000000167ef000 	/usr/lib/libspindump.dylib
0x00000000167ef000 	/System/Library/PrivateFrameworks/AppleVA.framework/Versions/A/AppleVA
0x00000000167ef000 	/System/Library/Frameworks/Accelerate.framework/Versions/A/Frameworks/vImage.framework/Versions/A/Libraries/libCGInterfaces.dylib
0x00000000167ef000 	/System/Library/Frameworks/ApplicationServices.framework/Versions/A/Frameworks/ATS.framework/Versions/A/Resources/libTrueTypeScaler.dylib
0x00000000167ef000 	/System/Library/Extensions/AppleIntelKBLGraphicsMTLDriver.bundle/Contents/MacOS/AppleIntelKBLGraphicsMTLDriver
0x00000000167ef000 	/System/Library/PrivateFrameworks/GPUCompiler.framework/Versions/3802/Libraries/libmetal_timestamp.dylib
0x00000000167ef000 	/System/Library/PrivateFrameworks/FamilyControls.framework/Versions/A/FamilyControls
0x00000000167ef000 	/System/Library/PrivateFrameworks/CommerceKit.framework/Versions/A/Frameworks/CommerceCore.framework/Versions/A/CommerceCore
0x00000000167ef000 	/System/Library/PrivateFrameworks/SystemAdministration.framework/Versions/A/SystemAdministration
0x00000000167ef000 	/System/Library/PrivateFrameworks/AppContainer.framework/Versions/A/AppContainer
0x00000000167ef000 	/System/Library/PrivateFrameworks/SecCodeWrapper.framework/Versions/A/SecCodeWrapper
0x00000000167ef000 	/System/Library/PrivateFrameworks/DiskManagement.framework/Versions/A/DiskManagement
0x00000000167ef000 	/System/Library/Frameworks/DirectoryService.framework/Versions/A/DirectoryService
0x00000000167ef000 	/System/Library/PrivateFrameworks/DiskImages.framework/Versions/A/DiskImages
0x00000000167ef000 	/System/Library/PrivateFrameworks/LoginUIKit.framework/Versions/A/Frameworks/LoginUICore.framework/Versions/A/LoginUICore
0x00000000167ef000 	/usr/lib/libCoreStorage.dylib
0x00000000167ef000 	/usr/lib/libcsfde.dylib
0x00000000167ef000 	/usr/lib/libodfde.dylib
0x00000000167ef000 	/System/Library/PrivateFrameworks/MediaKit.framework/Versions/A/MediaKit
0x00000000167ef000 	/System/Library/Frameworks/DiscRecording.framework/Versions/A/DiscRecording
0x00000000167ef000 	/System/Library/PrivateFrameworks/EFILogin.framework/Versions/A/EFILogin
0x00000000167ef000 	/System/Library/PrivateFrameworks/ProtectedCloudStorage.framework/Versions/A/ProtectedCloudStorage
0x00000000167ef000 	/usr/lib/libcurl.4.dylib
0x00000000167ef000 	/usr/lib/libcrypto.35.dylib
0x00000000167ef000 	/usr/lib/libssl.35.dylib
0x00000000167ef000 	/System/Library/Frameworks/LDAP.framework/Versions/A/LDAP
0x00000000167ef000 	/System/Library/PrivateFrameworks/TrustEvaluationAgent.framework/Versions/A/TrustEvaluationAgent
0x00000000167ef000 	/usr/lib/libsasl2.2.dylib
0x00000000167ef000 	/System/Library/PrivateFrameworks/CoreDaemon.framework/Versions/B/CoreDaemon
0x00000000167ef000 	/System/Library/PrivateFrameworks/AppleSRP.framework/Versions/A/AppleSRP
0x000000012fb13000 	/Library/Java/JavaVirtualMachines/jdk1.8.0_161.jdk/Contents/Home/jre/lib/libfontmanager.dylib
0x000000012ee1f000 	/Library/Java/JavaVirtualMachines/jdk1.8.0_161.jdk/Contents/Home/jre/lib/libosxui.dylib
0x00000000167ef000 	/System/Library/Frameworks/OpenGL.framework/Versions/A/Resources/GLEngine.bundle/GLEngine
0x00000000167ef000 	/System/Library/Frameworks/OpenGL.framework/Versions/A/Libraries/libGLProgrammability.dylib
0x000000013072d000 	/System/Library/Extensions/AppleIntelKBLGraphicsGLDriver.bundle/Contents/MacOS/AppleIntelKBLGraphicsGLDriver
0x00000000167ef000 	/System/Library/PrivateFrameworks/GPUSupport.framework/Versions/A/Libraries/libGPUSupportMercury.dylib
0x00000000167ef000 	/System/Library/Frameworks/OpenGL.framework/Versions/A/Resources/GLRendererFloat.bundle/GLRendererFloat
0x00000000167ef000 	/System/Library/Frameworks/OpenCL.framework/Versions/A/Libraries/libcldcpuengine.dylib
0x00000000167ef000 	/System/Library/PrivateFrameworks/ViewBridge.framework/Versions/A/ViewBridge
0x0000000133666000 	/Library/Java/JavaVirtualMachines/jdk1.8.0_161.jdk/Contents/Home/jre/lib/libnet.dylib
0x00000001335b7000 	/Library/Java/JavaVirtualMachines/jdk1.8.0_161.jdk/Contents/Home/jre/lib/libnio.dylib
0x0000000133d4e000 	/Library/Java/JavaVirtualMachines/jdk1.8.0_161.jdk/Contents/Home/jre/lib/libdcpr.dylib

VM Arguments:
jvm_args: -agentlib:jdwp=transport=dt_socket,address=127.0.0.1:64808,suspend=y,server=n -javaagent:/Users/xiaoxiao/Library/Caches/IdeaIC2018.1/captureAgent/debugger-agent.jar=file:/private/var/folders/ht/ltzrth3x3kg7v43b7v70g7bm0000gn/T/capture.props -Dfile.encoding=UTF-8 
java_command: gameoflifepackage.GameofLife
java_class_path (initial): /Library/Java/JavaVirtualMachines/jdk1.8.0_161.jdk/Contents/Home/jre/lib/charsets.jar:/Library/Java/JavaVirtualMachines/jdk1.8.0_161.jdk/Contents/Home/jre/lib/deploy.jar:/Library/Java/JavaVirtualMachines/jdk1.8.0_161.jdk/Contents/Home/jre/lib/ext/cldrdata.jar:/Library/Java/JavaVirtualMachines/jdk1.8.0_161.jdk/Contents/Home/jre/lib/ext/dnsns.jar:/Library/Java/JavaVirtualMachines/jdk1.8.0_161.jdk/Contents/Home/jre/lib/ext/jaccess.jar:/Library/Java/JavaVirtualMachines/jdk1.8.0_161.jdk/Contents/Home/jre/lib/ext/jfxrt.jar:/Library/Java/JavaVirtualMachines/jdk1.8.0_161.jdk/Contents/Home/jre/lib/ext/localedata.jar:/Library/Java/JavaVirtualMachines/jdk1.8.0_161.jdk/Contents/Home/jre/lib/ext/nashorn.jar:/Library/Java/JavaVirtualMachines/jdk1.8.0_161.jdk/Contents/Home/jre/lib/ext/sunec.jar:/Library/Java/JavaVirtualMachines/jdk1.8.0_161.jdk/Contents/Home/jre/lib/ext/sunjce_provider.jar:/Library/Java/JavaVirtualMachines/jdk1.8.0_161.jdk/Contents/Home/jre/lib/ext/sunpkcs11.jar:/Library/Java/JavaVirtualMachines/jdk1.8.0_161.jdk/Contents/Home/jre/lib/ext/zipfs.jar:/Library/Java/JavaVirtualMachines/jdk1.8.0_161.jdk/Contents/Home/jre/lib/javaws.jar:/Library/Java/JavaVirtualMachines/jdk1.8.0_161.jdk/Contents/Home/jre/lib/jce.jar:/Library/Java/JavaVirtualMachines/jdk1.8.0_161.jdk/Contents/Home/jre/lib/jfr.jar:/Library/Java/JavaVirtualMachines/jdk1.8.0_161.jdk/Contents/Home/jre/lib/jfxswt.jar:/Library/Java/JavaVirtualMachines/jdk1.8.0_161.jdk/Contents/Home/jre/lib/jsse.jar:/Library/Java/JavaVirtualMachines/jdk1.8.0_161.jdk/Contents/Home/jre/lib/management-agent.jar:/Library/Java/JavaVirtualMachines/jdk1.8.0_161.jdk/Contents/Home/jre/lib/plugin.jar:/Library/Java/JavaVirtualMachines/jdk1.8.0_161.jdk/Contents/Home/jre/lib/resources.jar:/Library/Java/JavaVirtualMachines/jdk1.8.0_161.jdk/Contents/Home/jre/lib/rt.jar:/Library/Java/JavaVirtualMachines/jdk1.8.0_161.jdk/Contents/Home/lib/ant-javafx.jar:/Library/Java/JavaVirtualMachines/jdk1.8.0_161.jdk/Contents/Home
Launcher Type: SUN_STANDARD

Environment Variables:
PATH=/Users/xiaoxiao/google-cloud-sdk/bin:/Library/Frameworks/Python.framework/Versions/3.6/bin:/usr/local/bin:/usr/bin:/bin:/usr/sbin:/sbin
SHELL=/bin/bash

Signal Handlers:
SIGSEGV: [libjvm.dylib+0x5b5439], sa_mask[0]=11111111011111110111111111111111, sa_flags=SA_ONSTACK|SA_RESTART|SA_SIGINFO
SIGBUS: [libjvm.dylib+0x5b5439], sa_mask[0]=11111111011111110111111111111111, sa_flags=SA_RESTART|SA_SIGINFO
SIGFPE: [libjvm.dylib+0x48ae24], sa_mask[0]=11111111011111110111111111111111, sa_flags=SA_RESTART|SA_SIGINFO
SIGPIPE: [libjvm.dylib+0x48ae24], sa_mask[0]=11111111011111110111111111111111, sa_flags=SA_RESTART|SA_SIGINFO
SIGXFSZ: [libjvm.dylib+0x48ae24], sa_mask[0]=11111111011111110111111111111111, sa_flags=SA_RESTART|SA_SIGINFO
SIGILL: [libjvm.dylib+0x48ae24], sa_mask[0]=11111111011111110111111111111111, sa_flags=SA_RESTART|SA_SIGINFO
SIGUSR1: SIG_DFL, sa_mask[0]=00000000000000000000000000000000, sa_flags=none
SIGUSR2: [libjvm.dylib+0x48a942], sa_mask[0]=00100000000000000000000000000000, sa_flags=SA_RESTART|SA_SIGINFO
SIGHUP: [libjvm.dylib+0x488f0d], sa_mask[0]=11111111011111110111111111111111, sa_flags=SA_RESTART|SA_SIGINFO
SIGINT: [libjvm.dylib+0x488f0d], sa_mask[0]=11111111011111110111111111111111, sa_flags=SA_RESTART|SA_SIGINFO
SIGTERM: [libjvm.dylib+0x488f0d], sa_mask[0]=11111111011111110111111111111111, sa_flags=SA_RESTART|SA_SIGINFO
SIGQUIT: [libjvm.dylib+0x488f0d], sa_mask[0]=11111111011111110111111111111111, sa_flags=SA_RESTART|SA_SIGINFO


---------------  S Y S T E M  ---------------

OS:Bsduname:Darwin 17.5.0 Darwin Kernel Version 17.5.0: Mon Mar  5 22:24:32 PST 2018; root:xnu-4570.51.1~1/RELEASE_X86_64 x86_64
rlimit: STACK 8192k, CORE 0k, NPROC 1418, NOFILE 10240, AS infinity
load average:3.18 4.72 4.81

CPU:total 4 (initial active 4) (2 cores per cpu, 2 threads per core) family 6 model 142 stepping 9, cmov, cx8, fxsr, mmx, sse, sse2, sse3, ssse3, sse4.1, sse4.2, popcnt, avx, avx2, aes, clmul, erms, rtm, 3dnowpref, lzcnt, ht, tsc, tscinvbit, bmi1, bmi2, adx

Memory: 4k page, physical 16777216k(427228k free)

/proc/meminfo:


vm_info: Java HotSpot(TM) 64-Bit Server VM (25.161-b12) for bsd-amd64 JRE (1.8.0_161-b12), built on Dec 19 2017 16:22:20 by "java_re" with gcc 4.2.1 (Based on Apple Inc. build 5658) (LLVM build 2336.11.00)

time: Sun May 20 14:43:12 2018
elapsed time: 664 seconds (0d 0h 11m 4s)

